<?xml version="1.0" encoding="UTF-8"?>
<Site BuildName="(empty)"
	BuildStamp="20250526-1604-Experimental"
	Name="(empty)"
	Generator="ctest-3.25.1"
	CompilerName=""
	CompilerVersion=""
	OSName="Linux"
	Hostname="bai-yu"
	OSRelease="6.1.0-34-amd64"
	OSVersion="#1 SMP PREEMPT_DYNAMIC Debian 6.1.135-1 (2025-04-25)"
	OSPlatform="x86_64"
	Is64Bits="1"
	VendorString="GenuineIntel"
	VendorID="Intel Corporation"
	FamilyID="6"
	ModelID="186"
	ProcessorCacheSize="18432"
	NumberOfLogicalCPU="16"
	NumberOfPhysicalCPU="12"
	TotalVirtualMemory="975"
	TotalPhysicalMemory="15714"
	LogicalProcessorsPerPhysical="1"
	ProcessorClockFrequency="1602.42"
	>
	<Testing>
		<StartDateTime>May 27 00:04 CST</StartDateTime>
		<StartTestTime>1748275498</StartTestTime>
		<TestList/>
		<EndDateTime>May 27 00:04 CST</EndDateTime>
		<EndTestTime>1748275498</EndTestTime>
		<ElapsedMinutes>0</ElapsedMinutes>
	</Testing>
</Site>
