<?xml version="1.0" encoding="UTF-8"?>
<Site BuildName="(empty)"
	BuildStamp="20250518-1612-Experimental"
	Name="(empty)"
	Generator="ctest-3.25.1"
	CompilerName=""
	CompilerVersion=""
	OSName="Linux"
	Hostname="bai-yu"
	OSRelease="6.1.0-34-amd64"
	OSVersion="#1 SMP PREEMPT_DYNAMIC Debian 6.1.135-1 (2025-04-25)"
	OSPlatform="x86_64"
	Is64Bits="1"
	VendorString="GenuineIntel"
	VendorID="Intel Corporation"
	FamilyID="6"
	ModelID="186"
	ProcessorCacheSize="18432"
	NumberOfLogicalCPU="16"
	NumberOfPhysicalCPU="12"
	TotalVirtualMemory="975"
	TotalPhysicalMemory="15714"
	LogicalProcessorsPerPhysical="1"
	ProcessorClockFrequency="3552.08"
	>
	<Testing>
		<StartDateTime>May 19 00:17 CST</StartDateTime>
		<StartTestTime>1747585033</StartTestTime>
		<TestList>
			<Test>./Usage</Test>
		</TestList>
		<Test Status="passed">
			<Name>Usage</Name>
			<Path>.</Path>
			<FullName>./Usage</FullName>
			<FullCommandLine>/home/bai-yu/c++learn/cmake/cmake-4.0.2-tutorial-source/build/Tutorial</FullCommandLine>
			<Results>
				<NamedMeasurement type="text/string" name="Exit Code">
					<Value>Completed</Value>
				</NamedMeasurement>
				<NamedMeasurement type="text/string" name="Exit Value">
					<Value>1</Value>
				</NamedMeasurement>
				<NamedMeasurement type="numeric/double" name="Execution Time">
					<Value>0.00323866</Value>
				</NamedMeasurement>
				<NamedMeasurement type="text/string" name="Pass Reason">
					<Value>Required regular expression found. Regex=[Usage.*number]</Value>
				</NamedMeasurement>
				<NamedMeasurement type="numeric/double" name="Processors">
					<Value>1</Value>
				</NamedMeasurement>
				<NamedMeasurement type="text/string" name="Completion Status">
					<Value>Completed</Value>
				</NamedMeasurement>
				<NamedMeasurement type="text/string" name="Command Line">
					<Value>/home/bai-yu/c++learn/cmake/cmake-4.0.2-tutorial-source/build/Tutorial</Value>
				</NamedMeasurement>
				<NamedMeasurement type="text/string" name="Environment">
					<Value>#CTEST_RESOURCE_GROUP_COUNT=</Value>
				</NamedMeasurement>
				<Measurement>
					<Value encoding="base64" compression="gzip">eJzTz8jPTdVPSszUrSzVT9bWzklNLMrTT85NzE6FkLomegZ6RrolpSX5RZmJObrF+aVFyUAdpZk5KfohUFGFsNSi4sz8PAVDPQOu0OLE9FQrBX3qmJxXmpuUWsQFACnMOpI=</Value>
				</Measurement>
			</Results>
		</Test>
		<EndDateTime>May 19 00:17 CST</EndDateTime>
		<EndTestTime>1747585033</EndTestTime>
		<ElapsedMinutes>0</ElapsedMinutes>
	</Testing>
</Site>
